2025-10-06 16:56:36,003 - __main__ - INFO - Starting download for 5 days from 2025-10-06
2025-10-06 16:56:36,774 - __main__ - INFO - Successfully downloaded gfs.t06z.pgrb2.0p25.f003 (0.36 MB)
2025-10-06 16:56:36,792 - __main__ - INFO - Successfully downloaded gfs.t06z.pgrb2.0p25.f006 (0.38 MB)
2025-10-06 16:56:36,810 - __main__ - INFO - Successfully downloaded gfs.t06z.pgrb2.0p25.f001 (0.32 MB)
2025-10-06 16:56:37,393 - __main__ - INFO - Successfully downloaded gfs.t06z.pgrb2.0p25.f015 (0.39 MB)
2025-10-06 16:56:37,427 - __main__ - INFO - Successfully downloaded gfs.t06z.pgrb2.0p25.f009 (0.37 MB)
2025-10-06 16:56:37,494 - __main__ - INFO - Successfully downloaded gfs.t06z.pgrb2.0p25.f012 (0.37 MB)
2025-10-06 16:56:37,991 - __main__ - INFO - Successfully downloaded gfs.t06z.pgrb2.0p25.f018 (0.39 MB)
2025-10-06 16:56:38,017 - __main__ - INFO - Successfully downloaded gfs.t06z.pgrb2.0p25.f021 (0.32 MB)
2025-10-06 16:56:38,133 - __main__ - INFO - Successfully downloaded gfs.t06z.pgrb2.0p25.f024 (0.34 MB)
2025-10-06 16:56:38,631 - __main__ - INFO - Successfully downloaded gfs.t06z.pgrb2.0p25.f030 (0.38 MB)
2025-10-06 16:56:38,713 - __main__ - INFO - Successfully downloaded gfs.t06z.pgrb2.0p25.f027 (0.37 MB)
2025-10-06 16:56:38,909 - __main__ - INFO - Successfully downloaded gfs.t06z.pgrb2.0p25.f033 (0.37 MB)
2025-10-06 16:56:39,355 - __main__ - INFO - Successfully downloaded gfs.t06z.pgrb2.0p25.f039 (0.37 MB)
2025-10-06 16:56:39,435 - __main__ - INFO - Successfully downloaded gfs.t06z.pgrb2.0p25.f036 (0.37 MB)
2025-10-06 16:56:39,568 - __main__ - INFO - Successfully downloaded gfs.t06z.pgrb2.0p25.f042 (0.39 MB)
2025-10-06 16:56:40,112 - __main__ - INFO - Successfully downloaded gfs.t06z.pgrb2.0p25.f045 (0.32 MB)
2025-10-06 16:56:40,230 - __main__ - INFO - Successfully downloaded gfs.t06z.pgrb2.0p25.f048 (0.32 MB)
2025-10-06 16:56:40,339 - __main__ - INFO - Successfully downloaded gfs.t06z.pgrb2.0p25.f051 (0.37 MB)
2025-10-06 16:56:41,117 - __main__ - INFO - Successfully downloaded gfs.t06z.pgrb2.0p25.f054 (0.37 MB)
2025-10-06 16:56:41,204 - __main__ - INFO - Successfully downloaded gfs.t06z.pgrb2.0p25.f060 (0.37 MB)
2025-10-06 16:56:41,300 - __main__ - INFO - Successfully downloaded gfs.t06z.pgrb2.0p25.f057 (0.37 MB)
2025-10-06 16:56:41,981 - __main__ - INFO - Successfully downloaded gfs.t06z.pgrb2.0p25.f066 (0.39 MB)
2025-10-06 16:56:42,096 - __main__ - INFO - Successfully downloaded gfs.t06z.pgrb2.0p25.f063 (0.37 MB)
2025-10-06 16:56:42,271 - __main__ - INFO - Successfully downloaded gfs.t06z.pgrb2.0p25.f069 (0.34 MB)
2025-10-06 16:56:42,949 - __main__ - INFO - Successfully downloaded gfs.t06z.pgrb2.0p25.f072 (0.33 MB)
2025-10-06 16:56:44,802 - __main__ - INFO - Successfully downloaded gfs.t06z.pgrb2.0p25.f078 (0.39 MB)
2025-10-06 16:56:44,939 - __main__ - INFO - Successfully downloaded gfs.t06z.pgrb2.0p25.f075 (0.37 MB)
2025-10-06 16:56:45,660 - __main__ - INFO - Successfully downloaded gfs.t06z.pgrb2.0p25.f081 (0.39 MB)
2025-10-06 16:56:45,711 - __main__ - INFO - Successfully downloaded gfs.t06z.pgrb2.0p25.f084 (0.40 MB)
2025-10-06 16:56:45,854 - __main__ - INFO - Successfully downloaded gfs.t06z.pgrb2.0p25.f087 (0.39 MB)
2025-10-06 16:56:46,330 - __main__ - INFO - Successfully downloaded gfs.t06z.pgrb2.0p25.f093 (0.32 MB)
2025-10-06 16:56:46,456 - __main__ - INFO - Successfully downloaded gfs.t06z.pgrb2.0p25.f090 (0.39 MB)
2025-10-06 16:56:46,538 - __main__ - INFO - Successfully downloaded gfs.t06z.pgrb2.0p25.f096 (0.32 MB)
2025-10-06 16:56:47,117 - __main__ - INFO - Successfully downloaded gfs.t06z.pgrb2.0p25.f099 (0.37 MB)
2025-10-06 16:56:47,201 - __main__ - INFO - Successfully downloaded gfs.t06z.pgrb2.0p25.f102 (0.39 MB)
2025-10-06 16:56:47,253 - __main__ - INFO - Successfully downloaded gfs.t06z.pgrb2.0p25.f105 (0.39 MB)
2025-10-06 16:56:47,855 - __main__ - INFO - Successfully downloaded gfs.t06z.pgrb2.0p25.f108 (0.38 MB)
2025-10-06 16:56:47,907 - __main__ - INFO - Successfully downloaded gfs.t06z.pgrb2.0p25.f111 (0.39 MB)
2025-10-06 16:56:47,967 - __main__ - INFO - Successfully downloaded gfs.t06z.pgrb2.0p25.f114 (0.39 MB)
2025-10-06 16:56:48,542 - __main__ - INFO - Successfully downloaded gfs.t06z.pgrb2.0p25.f120 (0.33 MB)
2025-10-06 16:56:48,617 - __main__ - INFO - Successfully downloaded gfs.t06z.pgrb2.0p25.f117 (0.31 MB)
2025-10-06 16:56:53,930 - __main__ - INFO - Processed gfs_20251006_06_f001.grib2 -> gfs_20251006_06_f001.csv
2025-10-06 16:56:54,206 - __main__ - INFO - Processed gfs_20251006_06_f003.grib2 -> gfs_20251006_06_f003.csv
2025-10-06 16:56:54,523 - __main__ - INFO - Processed gfs_20251006_06_f006.grib2 -> gfs_20251006_06_f006.csv
2025-10-06 16:56:54,850 - __main__ - INFO - Processed gfs_20251006_06_f009.grib2 -> gfs_20251006_06_f009.csv
2025-10-06 16:56:55,931 - __main__ - INFO - Processed gfs_20251006_06_f012.grib2 -> gfs_20251006_06_f012.csv
2025-10-06 16:56:57,420 - __main__ - INFO - Processed gfs_20251006_06_f015.grib2 -> gfs_20251006_06_f015.csv
2025-10-06 16:56:57,822 - __main__ - INFO - Processed gfs_20251006_06_f018.grib2 -> gfs_20251006_06_f018.csv
2025-10-06 16:56:58,194 - __main__ - INFO - Processed gfs_20251006_06_f021.grib2 -> gfs_20251006_06_f021.csv
2025-10-06 16:56:59,251 - __main__ - INFO - Processed gfs_20251006_06_f024.grib2 -> gfs_20251006_06_f024.csv
2025-10-06 16:57:00,157 - __main__ - INFO - Processed gfs_20251006_06_f027.grib2 -> gfs_20251006_06_f027.csv
2025-10-06 16:57:01,784 - __main__ - INFO - Processed gfs_20251006_06_f030.grib2 -> gfs_20251006_06_f030.csv
2025-10-06 16:57:03,521 - __main__ - INFO - Processed gfs_20251006_06_f033.grib2 -> gfs_20251006_06_f033.csv
2025-10-06 16:57:04,244 - __main__ - INFO - Processed gfs_20251006_06_f036.grib2 -> gfs_20251006_06_f036.csv
2025-10-06 16:57:04,854 - __main__ - INFO - Processed gfs_20251006_06_f039.grib2 -> gfs_20251006_06_f039.csv
2025-10-06 16:57:05,289 - __main__ - INFO - Processed gfs_20251006_06_f042.grib2 -> gfs_20251006_06_f042.csv
2025-10-06 16:57:05,734 - __main__ - INFO - Processed gfs_20251006_06_f045.grib2 -> gfs_20251006_06_f045.csv
2025-10-06 16:57:06,122 - __main__ - INFO - Processed gfs_20251006_06_f048.grib2 -> gfs_20251006_06_f048.csv
2025-10-06 16:57:06,770 - __main__ - INFO - Processed gfs_20251006_06_f051.grib2 -> gfs_20251006_06_f051.csv
2025-10-06 16:57:07,400 - __main__ - INFO - Processed gfs_20251006_06_f054.grib2 -> gfs_20251006_06_f054.csv
2025-10-06 16:57:08,504 - __main__ - INFO - Processed gfs_20251006_06_f057.grib2 -> gfs_20251006_06_f057.csv
2025-10-06 16:57:09,007 - __main__ - INFO - Processed gfs_20251006_06_f060.grib2 -> gfs_20251006_06_f060.csv
2025-10-06 16:57:09,749 - __main__ - INFO - Processed gfs_20251006_06_f063.grib2 -> gfs_20251006_06_f063.csv
2025-10-06 16:57:10,382 - __main__ - INFO - Processed gfs_20251006_06_f066.grib2 -> gfs_20251006_06_f066.csv
2025-10-06 16:57:10,913 - __main__ - INFO - Processed gfs_20251006_06_f069.grib2 -> gfs_20251006_06_f069.csv
2025-10-06 16:57:11,390 - __main__ - INFO - Processed gfs_20251006_06_f072.grib2 -> gfs_20251006_06_f072.csv
2025-10-06 16:57:11,739 - __main__ - INFO - Processed gfs_20251006_06_f075.grib2 -> gfs_20251006_06_f075.csv
2025-10-06 16:57:12,555 - __main__ - INFO - Processed gfs_20251006_06_f078.grib2 -> gfs_20251006_06_f078.csv
2025-10-06 16:57:14,006 - __main__ - INFO - Processed gfs_20251006_06_f081.grib2 -> gfs_20251006_06_f081.csv
2025-10-06 16:57:14,649 - __main__ - INFO - Processed gfs_20251006_06_f084.grib2 -> gfs_20251006_06_f084.csv
2025-10-06 16:57:15,152 - __main__ - INFO - Processed gfs_20251006_06_f087.grib2 -> gfs_20251006_06_f087.csv
2025-10-06 16:57:15,856 - __main__ - INFO - Processed gfs_20251006_06_f090.grib2 -> gfs_20251006_06_f090.csv
2025-10-06 16:57:16,236 - __main__ - INFO - Processed gfs_20251006_06_f093.grib2 -> gfs_20251006_06_f093.csv
2025-10-06 16:57:16,587 - __main__ - INFO - Processed gfs_20251006_06_f096.grib2 -> gfs_20251006_06_f096.csv
2025-10-06 16:57:17,072 - __main__ - INFO - Processed gfs_20251006_06_f099.grib2 -> gfs_20251006_06_f099.csv
2025-10-06 16:57:17,570 - __main__ - INFO - Processed gfs_20251006_06_f102.grib2 -> gfs_20251006_06_f102.csv
2025-10-06 16:57:17,924 - __main__ - INFO - Processed gfs_20251006_06_f105.grib2 -> gfs_20251006_06_f105.csv
2025-10-06 16:57:18,227 - __main__ - INFO - Processed gfs_20251006_06_f108.grib2 -> gfs_20251006_06_f108.csv
2025-10-06 16:57:18,923 - __main__ - INFO - Processed gfs_20251006_06_f111.grib2 -> gfs_20251006_06_f111.csv
2025-10-06 16:57:20,731 - __main__ - INFO - Processed gfs_20251006_06_f114.grib2 -> gfs_20251006_06_f114.csv
2025-10-06 16:57:21,749 - __main__ - INFO - Processed gfs_20251006_06_f117.grib2 -> gfs_20251006_06_f117.csv
2025-10-06 16:57:22,156 - __main__ - INFO - Processed gfs_20251006_06_f120.grib2 -> gfs_20251006_06_f120.csv
2025-10-06 16:57:26,189 - __main__ - INFO - Consolidated forecast saved to dados\cache\forecast_20251006_1657.csv
2025-10-06 16:57:26,199 - __main__ - INFO - Download completed successfully
2025-10-08 13:00:55,387 - __main__ - INFO - Starting download for 5 days from 2025-10-08
2025-10-08 13:00:56,104 - __main__ - INFO - Successfully downloaded gfs.t06z.pgrb2.0p25.f001 (0.31 MB)
2025-10-08 13:00:56,255 - __main__ - INFO - Successfully downloaded gfs.t06z.pgrb2.0p25.f006 (0.38 MB)
2025-10-08 13:00:56,679 - __main__ - INFO - Successfully downloaded gfs.t06z.pgrb2.0p25.f003 (0.36 MB)
2025-10-08 13:00:56,781 - __main__ - INFO - Successfully downloaded gfs.t06z.pgrb2.0p25.f009 (0.37 MB)
2025-10-08 13:00:57,206 - __main__ - INFO - Successfully downloaded gfs.t06z.pgrb2.0p25.f012 (0.37 MB)
2025-10-08 13:00:57,358 - __main__ - INFO - Successfully downloaded gfs.t06z.pgrb2.0p25.f015 (0.39 MB)
2025-10-08 13:00:57,440 - __main__ - INFO - Successfully downloaded gfs.t06z.pgrb2.0p25.f018 (0.39 MB)
2025-10-08 13:00:58,217 - __main__ - INFO - Successfully downloaded gfs.t06z.pgrb2.0p25.f024 (0.32 MB)
2025-10-08 13:00:58,459 - __main__ - INFO - Successfully downloaded gfs.t06z.pgrb2.0p25.f021 (0.32 MB)
2025-10-08 13:00:59,090 - __main__ - INFO - Successfully downloaded gfs.t06z.pgrb2.0p25.f033 (0.38 MB)
2025-10-08 13:00:59,177 - __main__ - INFO - Successfully downloaded gfs.t06z.pgrb2.0p25.f030 (0.38 MB)
2025-10-08 13:00:59,741 - __main__ - INFO - Successfully downloaded gfs.t06z.pgrb2.0p25.f039 (0.39 MB)
2025-10-08 13:00:59,964 - __main__ - INFO - Successfully downloaded gfs.t06z.pgrb2.0p25.f036 (0.39 MB)
2025-10-08 13:01:00,404 - __main__ - INFO - Successfully downloaded gfs.t06z.pgrb2.0p25.f042 (0.38 MB)
2025-10-08 13:01:01,009 - __main__ - INFO - Successfully downloaded gfs.t06z.pgrb2.0p25.f048 (0.32 MB)
2025-10-08 13:01:01,269 - __main__ - INFO - Successfully downloaded gfs.t06z.pgrb2.0p25.f045 (0.32 MB)
2025-10-08 13:01:02,005 - __main__ - INFO - Successfully downloaded gfs.t06z.pgrb2.0p25.f054 (0.37 MB)
2025-10-08 13:01:02,294 - __main__ - INFO - Successfully downloaded gfs.t06z.pgrb2.0p25.f027 (0.36 MB)
2025-10-08 13:01:02,353 - __main__ - INFO - Successfully downloaded gfs.t06z.pgrb2.0p25.f051 (0.36 MB)
2025-10-08 13:01:02,789 - __main__ - INFO - Successfully downloaded gfs.t06z.pgrb2.0p25.f057 (0.36 MB)
2025-10-08 13:01:02,913 - __main__ - INFO - Successfully downloaded gfs.t06z.pgrb2.0p25.f060 (0.37 MB)
2025-10-08 13:01:03,898 - __main__ - INFO - Successfully downloaded gfs.t06z.pgrb2.0p25.f063 (0.37 MB)
2025-10-08 13:01:05,367 - __main__ - INFO - Successfully downloaded gfs.t06z.pgrb2.0p25.f069 (0.31 MB)
2025-10-08 13:01:05,931 - __main__ - INFO - Successfully downloaded gfs.t06z.pgrb2.0p25.f075 (0.37 MB)
2025-10-08 13:01:06,536 - __main__ - INFO - Successfully downloaded gfs.t06z.pgrb2.0p25.f078 (0.37 MB)
2025-10-08 13:01:06,759 - __main__ - INFO - Successfully downloaded gfs.t06z.pgrb2.0p25.f066 (0.38 MB)
2025-10-08 13:01:07,100 - __main__ - INFO - Successfully downloaded gfs.t06z.pgrb2.0p25.f072 (0.33 MB)
2025-10-08 13:01:07,184 - __main__ - INFO - Successfully downloaded gfs.t06z.pgrb2.0p25.f081 (0.37 MB)
2025-10-08 13:01:07,957 - __main__ - INFO - Successfully downloaded gfs.t06z.pgrb2.0p25.f090 (0.37 MB)
2025-10-08 13:01:08,015 - __main__ - INFO - Successfully downloaded gfs.t06z.pgrb2.0p25.f084 (0.38 MB)
2025-10-08 13:01:08,822 - __main__ - INFO - Successfully downloaded gfs.t06z.pgrb2.0p25.f096 (0.32 MB)
2025-10-08 13:01:08,965 - __main__ - INFO - Successfully downloaded gfs.t06z.pgrb2.0p25.f093 (0.32 MB)
2025-10-08 13:01:09,426 - __main__ - INFO - Successfully downloaded gfs.t06z.pgrb2.0p25.f099 (0.38 MB)
2025-10-08 13:01:10,020 - __main__ - INFO - Successfully downloaded gfs.t06z.pgrb2.0p25.f087 (0.38 MB)
2025-10-08 13:01:10,115 - __main__ - INFO - Successfully downloaded gfs.t06z.pgrb2.0p25.f105 (0.39 MB)
2025-10-08 13:01:10,203 - __main__ - INFO - Successfully downloaded gfs.t06z.pgrb2.0p25.f102 (0.37 MB)
2025-10-08 13:01:10,733 - __main__ - INFO - Successfully downloaded gfs.t06z.pgrb2.0p25.f108 (0.38 MB)
2025-10-08 13:01:10,970 - __main__ - INFO - Successfully downloaded gfs.t06z.pgrb2.0p25.f111 (0.38 MB)
2025-10-08 13:01:11,621 - __main__ - INFO - Successfully downloaded gfs.t06z.pgrb2.0p25.f120 (0.34 MB)
2025-10-08 13:01:11,681 - __main__ - INFO - Successfully downloaded gfs.t06z.pgrb2.0p25.f117 (0.32 MB)
2025-10-08 13:01:14,502 - __main__ - INFO - Successfully downloaded gfs.t06z.pgrb2.0p25.f114 (0.38 MB)
2025-10-08 13:01:17,217 - __main__ - INFO - Processed gfs_20251008_06_f001.grib2 -> gfs_20251008_06_f001.csv
2025-10-08 13:01:17,368 - __main__ - INFO - Processed gfs_20251008_06_f003.grib2 -> gfs_20251008_06_f003.csv
2025-10-08 13:01:17,508 - __main__ - INFO - Processed gfs_20251008_06_f006.grib2 -> gfs_20251008_06_f006.csv
2025-10-08 13:01:17,638 - __main__ - INFO - Processed gfs_20251008_06_f009.grib2 -> gfs_20251008_06_f009.csv
2025-10-08 13:01:17,801 - __main__ - INFO - Processed gfs_20251008_06_f012.grib2 -> gfs_20251008_06_f012.csv
2025-10-08 13:01:17,969 - __main__ - INFO - Processed gfs_20251008_06_f015.grib2 -> gfs_20251008_06_f015.csv
2025-10-08 13:01:18,118 - __main__ - INFO - Processed gfs_20251008_06_f018.grib2 -> gfs_20251008_06_f018.csv
2025-10-08 13:01:18,321 - __main__ - INFO - Processed gfs_20251008_06_f021.grib2 -> gfs_20251008_06_f021.csv
2025-10-08 13:01:18,506 - __main__ - INFO - Processed gfs_20251008_06_f024.grib2 -> gfs_20251008_06_f024.csv
2025-10-08 13:01:18,711 - __main__ - INFO - Processed gfs_20251008_06_f027.grib2 -> gfs_20251008_06_f027.csv
2025-10-08 13:01:18,983 - __main__ - INFO - Processed gfs_20251008_06_f030.grib2 -> gfs_20251008_06_f030.csv
2025-10-08 13:01:19,190 - __main__ - INFO - Processed gfs_20251008_06_f033.grib2 -> gfs_20251008_06_f033.csv
2025-10-08 13:01:19,436 - __main__ - INFO - Processed gfs_20251008_06_f036.grib2 -> gfs_20251008_06_f036.csv
2025-10-08 13:01:19,641 - __main__ - INFO - Processed gfs_20251008_06_f039.grib2 -> gfs_20251008_06_f039.csv
2025-10-08 13:01:19,824 - __main__ - INFO - Processed gfs_20251008_06_f042.grib2 -> gfs_20251008_06_f042.csv
2025-10-08 13:01:20,003 - __main__ - INFO - Processed gfs_20251008_06_f045.grib2 -> gfs_20251008_06_f045.csv
2025-10-08 13:01:20,194 - __main__ - INFO - Processed gfs_20251008_06_f048.grib2 -> gfs_20251008_06_f048.csv
2025-10-08 13:01:20,389 - __main__ - INFO - Processed gfs_20251008_06_f051.grib2 -> gfs_20251008_06_f051.csv
2025-10-08 13:01:20,609 - __main__ - INFO - Processed gfs_20251008_06_f054.grib2 -> gfs_20251008_06_f054.csv
2025-10-08 13:01:20,782 - __main__ - INFO - Processed gfs_20251008_06_f057.grib2 -> gfs_20251008_06_f057.csv
2025-10-08 13:01:20,957 - __main__ - INFO - Processed gfs_20251008_06_f060.grib2 -> gfs_20251008_06_f060.csv
2025-10-08 13:01:21,116 - __main__ - INFO - Processed gfs_20251008_06_f063.grib2 -> gfs_20251008_06_f063.csv
2025-10-08 13:01:21,275 - __main__ - INFO - Processed gfs_20251008_06_f066.grib2 -> gfs_20251008_06_f066.csv
2025-10-08 13:01:21,553 - __main__ - INFO - Processed gfs_20251008_06_f069.grib2 -> gfs_20251008_06_f069.csv
2025-10-08 13:01:21,824 - __main__ - INFO - Processed gfs_20251008_06_f072.grib2 -> gfs_20251008_06_f072.csv
2025-10-08 13:01:22,155 - __main__ - INFO - Processed gfs_20251008_06_f075.grib2 -> gfs_20251008_06_f075.csv
2025-10-08 13:01:22,493 - __main__ - INFO - Processed gfs_20251008_06_f078.grib2 -> gfs_20251008_06_f078.csv
2025-10-08 13:01:22,860 - __main__ - INFO - Processed gfs_20251008_06_f081.grib2 -> gfs_20251008_06_f081.csv
2025-10-08 13:01:23,126 - __main__ - INFO - Processed gfs_20251008_06_f084.grib2 -> gfs_20251008_06_f084.csv
2025-10-08 13:01:23,322 - __main__ - INFO - Processed gfs_20251008_06_f087.grib2 -> gfs_20251008_06_f087.csv
2025-10-08 13:01:23,517 - __main__ - INFO - Processed gfs_20251008_06_f090.grib2 -> gfs_20251008_06_f090.csv
2025-10-08 13:01:23,684 - __main__ - INFO - Processed gfs_20251008_06_f093.grib2 -> gfs_20251008_06_f093.csv
2025-10-08 13:01:23,827 - __main__ - INFO - Processed gfs_20251008_06_f096.grib2 -> gfs_20251008_06_f096.csv
2025-10-08 13:01:23,972 - __main__ - INFO - Processed gfs_20251008_06_f099.grib2 -> gfs_20251008_06_f099.csv
2025-10-08 13:01:24,111 - __main__ - INFO - Processed gfs_20251008_06_f102.grib2 -> gfs_20251008_06_f102.csv
2025-10-08 13:01:24,242 - __main__ - INFO - Processed gfs_20251008_06_f105.grib2 -> gfs_20251008_06_f105.csv
2025-10-08 13:01:24,387 - __main__ - INFO - Processed gfs_20251008_06_f108.grib2 -> gfs_20251008_06_f108.csv
2025-10-08 13:01:24,540 - __main__ - INFO - Processed gfs_20251008_06_f111.grib2 -> gfs_20251008_06_f111.csv
2025-10-08 13:01:24,660 - __main__ - INFO - Processed gfs_20251008_06_f114.grib2 -> gfs_20251008_06_f114.csv
2025-10-08 13:01:24,783 - __main__ - INFO - Processed gfs_20251008_06_f117.grib2 -> gfs_20251008_06_f117.csv
2025-10-08 13:01:24,916 - __main__ - INFO - Processed gfs_20251008_06_f120.grib2 -> gfs_20251008_06_f120.csv
2025-10-08 13:01:28,043 - __main__ - INFO - Consolidated forecast saved to dados\cache\forecast_20251008_1301.csv
2025-10-08 13:01:28,052 - __main__ - INFO - Download completed successfully
2025-10-16 16:59:13,764 - captar_nomads - INFO - Starting download for 5 days from 2025-10-16
2025-10-16 16:59:14,811 - captar_nomads - INFO - Successfully downloaded gfs.t06z.pgrb2.0p25.f002 (0.35 MB)
2025-10-16 16:59:15,444 - captar_nomads - INFO - Successfully downloaded gfs.t06z.pgrb2.0p25.f004 (0.37 MB)
2025-10-16 16:59:15,578 - captar_nomads - INFO - Successfully downloaded gfs.t06z.pgrb2.0p25.f001 (0.31 MB)
2025-10-16 16:59:15,712 - captar_nomads - INFO - Successfully downloaded gfs.t06z.pgrb2.0p25.f003 (0.37 MB)
2025-10-16 16:59:16,165 - captar_nomads - INFO - Successfully downloaded gfs.t06z.pgrb2.0p25.f005 (0.36 MB)
2025-10-16 16:59:16,293 - captar_nomads - INFO - Successfully downloaded gfs.t06z.pgrb2.0p25.f006 (0.37 MB)
2025-10-16 16:59:17,131 - captar_nomads - INFO - Successfully downloaded gfs.t06z.pgrb2.0p25.f009 (0.37 MB)
2025-10-16 16:59:17,213 - captar_nomads - INFO - Successfully downloaded gfs.t06z.pgrb2.0p25.f008 (0.37 MB)
2025-10-16 16:59:17,613 - captar_nomads - INFO - Successfully downloaded gfs.t06z.pgrb2.0p25.f007 (0.37 MB)
2025-10-16 16:59:17,820 - captar_nomads - INFO - Successfully downloaded gfs.t06z.pgrb2.0p25.f010 (0.38 MB)
2025-10-16 16:59:17,874 - captar_nomads - INFO - Successfully downloaded gfs.t06z.pgrb2.0p25.f011 (0.38 MB)
2025-10-16 16:59:18,222 - captar_nomads - INFO - Successfully downloaded gfs.t06z.pgrb2.0p25.f012 (0.38 MB)
2025-10-16 16:59:18,562 - captar_nomads - INFO - Successfully downloaded gfs.t06z.pgrb2.0p25.f014 (0.37 MB)
2025-10-16 16:59:18,648 - captar_nomads - INFO - Successfully downloaded gfs.t06z.pgrb2.0p25.f013 (0.37 MB)
2025-10-16 16:59:18,869 - captar_nomads - INFO - Successfully downloaded gfs.t06z.pgrb2.0p25.f015 (0.37 MB)
2025-10-16 16:59:19,264 - captar_nomads - INFO - Successfully downloaded gfs.t06z.pgrb2.0p25.f016 (0.37 MB)
2025-10-16 16:59:19,286 - captar_nomads - INFO - Successfully downloaded gfs.t06z.pgrb2.0p25.f017 (0.37 MB)
2025-10-16 16:59:19,842 - captar_nomads - INFO - Successfully downloaded gfs.t06z.pgrb2.0p25.f018 (0.37 MB)
2025-10-16 16:59:20,529 - asyncio - ERROR - Exception in callback _ProactorBasePipeTransport._call_connection_lost(None)
handle: <Handle _ProactorBasePipeTransport._call_connection_lost(None)>
Traceback (most recent call last):
  File "C:\Users\root\AppData\Roaming\Python\Python311\site-packages\uvicorn\_compat.py", line 23, in asyncio_run
    return runner.run(main)
           ^^^^^^^^^^^^^^^^
  File "C:\Program Files\Python311\Lib\asyncio\runners.py", line 118, in run
    return self._loop.run_until_complete(task)
           ^^^^^^^^^^^^^^^^^^^^^^^^^^^^^^^^^^^
  File "C:\Program Files\Python311\Lib\asyncio\base_events.py", line 637, in run_until_complete
    self.run_forever()
  File "C:\Program Files\Python311\Lib\asyncio\windows_events.py", line 321, in run_forever
    super().run_forever()
  File "C:\Program Files\Python311\Lib\asyncio\base_events.py", line 604, in run_forever
    self._run_once()
  File "C:\Program Files\Python311\Lib\asyncio\base_events.py", line 1909, in _run_once
    handle._run()
  File "C:\Program Files\Python311\Lib\asyncio\events.py", line 80, in _run
    self._context.run(self._callback, *self._args)
  File "C:\Users\root\AppData\Roaming\Python\Python311\site-packages\uvicorn\server.py", line 70, in serve
    with self.capture_signals():
  File "C:\Program Files\Python311\Lib\contextlib.py", line 144, in __exit__
    next(self.gen)
  File "C:\Users\root\AppData\Roaming\Python\Python311\site-packages\uvicorn\server.py", line 331, in capture_signals
    signal.raise_signal(captured_signal)
  File "C:\Program Files\Python311\Lib\asyncio\runners.py", line 157, in _on_sigint
    raise KeyboardInterrupt()
KeyboardInterrupt

During handling of the above exception, another exception occurred:

Traceback (most recent call last):
  File "C:\Program Files\Python311\Lib\asyncio\events.py", line 80, in _run
    self._context.run(self._callback, *self._args)
  File "C:\Program Files\Python311\Lib\asyncio\proactor_events.py", line 162, in _call_connection_lost
    self._sock.shutdown(socket.SHUT_RDWR)
ConnectionResetError: [WinError 10054] Foi forçado o cancelamento de uma conexăo existente pelo host remoto
